  [1m[36mActiveRecord::SchemaMigration Load (31.1ms)[0m  [1mSELECT "schema_migrations".* FROM "schema_migrations"[0m
  [1m[35mActiveRecord::SchemaMigration Load (0.6ms)[0m  SELECT "schema_migrations".* FROM "schema_migrations"
  [1m[36m (4.5ms)[0m  [1mSELECT t2.oid::regclass::text AS to_table, a1.attname AS column, a2.attname AS primary_key, c.conname AS name, c.confupdtype AS on_update, c.confdeltype AS on_delete
FROM pg_constraint c
JOIN pg_class t1 ON c.conrelid = t1.oid
JOIN pg_class t2 ON c.confrelid = t2.oid
JOIN pg_attribute a1 ON a1.attnum = c.conkey[1] AND a1.attrelid = t1.oid
JOIN pg_attribute a2 ON a2.attnum = c.confkey[1] AND a2.attrelid = t2.oid
JOIN pg_namespace t3 ON c.connamespace = t3.oid
WHERE c.contype = 'f'
  AND t1.relname = 'courses'
  AND t3.nspname = ANY (current_schemas(false))
ORDER BY c.conname
[0m
  [1m[35m (4.0ms)[0m  SELECT t2.oid::regclass::text AS to_table, a1.attname AS column, a2.attname AS primary_key, c.conname AS name, c.confupdtype AS on_update, c.confdeltype AS on_delete
FROM pg_constraint c
JOIN pg_class t1 ON c.conrelid = t1.oid
JOIN pg_class t2 ON c.confrelid = t2.oid
JOIN pg_attribute a1 ON a1.attnum = c.conkey[1] AND a1.attrelid = t1.oid
JOIN pg_attribute a2 ON a2.attnum = c.confkey[1] AND a2.attrelid = t2.oid
JOIN pg_namespace t3 ON c.connamespace = t3.oid
WHERE c.contype = 'f'
  AND t1.relname = 'grades'
  AND t3.nspname = ANY (current_schemas(false))
ORDER BY c.conname

  [1m[36m (4.2ms)[0m  [1mSELECT t2.oid::regclass::text AS to_table, a1.attname AS column, a2.attname AS primary_key, c.conname AS name, c.confupdtype AS on_update, c.confdeltype AS on_delete
FROM pg_constraint c
JOIN pg_class t1 ON c.conrelid = t1.oid
JOIN pg_class t2 ON c.confrelid = t2.oid
JOIN pg_attribute a1 ON a1.attnum = c.conkey[1] AND a1.attrelid = t1.oid
JOIN pg_attribute a2 ON a2.attnum = c.confkey[1] AND a2.attrelid = t2.oid
JOIN pg_namespace t3 ON c.connamespace = t3.oid
WHERE c.contype = 'f'
  AND t1.relname = 'users'
  AND t3.nspname = ANY (current_schemas(false))
ORDER BY c.conname
[0m
  [1m[36mActiveRecord::SchemaMigration Load (0.6ms)[0m  [1mSELECT "schema_migrations".* FROM "schema_migrations"[0m
  [1m[35m (0.2ms)[0m  BEGIN
  [1m[36mUser Exists (41.4ms)[0m  [1mSELECT  1 AS one FROM "users" WHERE LOWER("users"."email") = LOWER('admin@test.com') LIMIT 1[0m
  [1m[35m (0.4ms)[0m  ROLLBACK
  [1m[36m (0.2ms)[0m  [1mBEGIN[0m
  [1m[35mUser Exists (0.4ms)[0m  SELECT  1 AS one FROM "users" WHERE LOWER("users"."email") = LOWER('teacher1@test.com') LIMIT 1
  [1m[36m (0.1ms)[0m  [1mROLLBACK[0m


Started GET "/" for 127.0.0.1 at 2016-09-28 22:23:17 +0800
  [1m[36mActiveRecord::SchemaMigration Load (0.4ms)[0m  [1mSELECT "schema_migrations".* FROM "schema_migrations"[0m
Processing by HomesController#index as HTML
  Rendered homes/index.html.erb within layouts/application (11289.5ms)
  Rendered layouts/_header.html.erb (4.8ms)
  Rendered layouts/_content.html.erb (0.6ms)
  Rendered layouts/_footer.html.erb (0.2ms)
Completed 200 OK in 11478ms (Views: 11454.7ms | ActiveRecord: 0.0ms)


Started GET "/assets/application.self-61391b1e2ecba1db1ad8dae57676578cb7fb1328c45c45bde87d3c33854a6cb6.css?body=1" for 127.0.0.1 at 2016-09-28 22:23:29 +0800


Started GET "/sessions/login" for 127.0.0.1 at 2016-09-28 22:23:34 +0800
Processing by SessionsController#new as HTML
  Rendered sessions/new.html.erb within layouts/application (22.6ms)
  Rendered layouts/_header.html.erb (0.4ms)
  Rendered layouts/_content.html.erb (0.1ms)
  Rendered layouts/_footer.html.erb (0.0ms)
Completed 200 OK in 60ms (Views: 58.9ms | ActiveRecord: 0.0ms)


Started POST "/sessions/login" for 127.0.0.1 at 2016-09-28 22:23:41 +0800
Processing by SessionsController#create as HTML
  Parameters: {"utf8"=>"✓", "authenticity_token"=>"FXs5ElW1jxPhaa6EylsKVq6NuKmrVGCrXALnfL9Dtne/DG96w0oObJn6xLIJTkVfIdrVmPAaEo9ZpygSybpH/g==", "session"=>{"email"=>"student1@test.com", "password"=>"[FILTERED]", "remember_me"=>"0"}, "button"=>""}
  [1m[35mUser Load (47.8ms)[0m  SELECT  "users".* FROM "users" WHERE "users"."email" = $1 LIMIT 1  [["email", "student1@test.com"]]
  [1m[36m (0.2ms)[0m  [1mBEGIN[0m
  [1m[35m (0.2ms)[0m  COMMIT
Redirected to http://localhost:3000/
Completed 302 Found in 288ms (ActiveRecord: 54.2ms)


Started GET "/" for 127.0.0.1 at 2016-09-28 22:23:41 +0800
Processing by HomesController#index as HTML
  Rendered homes/index.html.erb within layouts/application (1.8ms)
  [1m[36mUser Load (0.3ms)[0m  [1mSELECT  "users".* FROM "users" WHERE "users"."id" = $1 LIMIT 1[0m  [["id", 36]]
  Rendered layouts/_header.html.erb (2.2ms)
  Rendered layouts/_content.html.erb (0.1ms)
  Rendered layouts/_footer.html.erb (0.0ms)
Completed 200 OK in 35ms (Views: 34.6ms | ActiveRecord: 0.3ms)


Started GET "/courses" for 127.0.0.1 at 2016-09-28 22:23:46 +0800
Processing by CoursesController#index as HTML
  [1m[35mUser Load (0.3ms)[0m  SELECT  "users".* FROM "users" WHERE "users"."id" = $1 LIMIT 1  [["id", 36]]
  [1m[36mCourse Load (10.1ms)[0m  [1mSELECT "courses".* FROM "courses"[0m
  [1m[35mCourse Load (47.3ms)[0m  SELECT "courses".* FROM "courses" INNER JOIN "grades" ON "courses"."id" = "grades"."course_id" WHERE "grades"."user_id" = $1  [["user_id", 36]]
  Rendered shared/_sidenav.html.erb (79.8ms)
  [1m[36mUser Load (0.4ms)[0m  [1mSELECT  "users".* FROM "users" WHERE "users"."id" = $1 LIMIT 1[0m  [["id", 10]]
  [1m[35mUser Load (0.4ms)[0m  SELECT  "users".* FROM "users" WHERE "users"."id" = $1 LIMIT 1  [["id", 11]]
  [1m[36mUser Load (0.4ms)[0m  [1mSELECT  "users".* FROM "users" WHERE "users"."id" = $1 LIMIT 1[0m  [["id", 15]]
  [1m[35mUser Load (0.3ms)[0m  SELECT  "users".* FROM "users" WHERE "users"."id" = $1 LIMIT 1  [["id", 21]]
  [1m[36mUser Load (0.3ms)[0m  [1mSELECT  "users".* FROM "users" WHERE "users"."id" = $1 LIMIT 1[0m  [["id", 24]]
  [1m[35mUser Load (0.3ms)[0m  SELECT  "users".* FROM "users" WHERE "users"."id" = $1 LIMIT 1  [["id", 26]]
  [1m[36mUser Load (0.2ms)[0m  [1mSELECT  "users".* FROM "users" WHERE "users"."id" = $1 LIMIT 1[0m  [["id", 27]]
  [1m[35mUser Load (1.3ms)[0m  SELECT  "users".* FROM "users" WHERE "users"."id" = $1 LIMIT 1  [["id", 34]]
  Rendered courses/index.html.erb within layouts/application (103.1ms)
  Rendered layouts/_header.html.erb (0.7ms)
  Rendered layouts/_content.html.erb (0.1ms)
  Rendered layouts/_footer.html.erb (0.0ms)
Completed 200 OK in 187ms (Views: 76.9ms | ActiveRecord: 63.5ms)


Started GET "/courses/9/quit" for 127.0.0.1 at 2016-09-28 22:23:49 +0800
Processing by CoursesController#quit as HTML
  Parameters: {"id"=>"9"}
  [1m[36mUser Load (0.2ms)[0m  [1mSELECT  "users".* FROM "users" WHERE "users"."id" = $1 LIMIT 1[0m  [["id", 36]]
  [1m[35mCourse Load (0.4ms)[0m  SELECT  "courses".* FROM "courses" WHERE "courses"."id" = $1 LIMIT 1  [["id", 9]]
  [1m[36m (0.6ms)[0m  [1mBEGIN[0m
  [1m[35mSQL (1.3ms)[0m  DELETE FROM "grades" WHERE "grades"."user_id" = $1 AND "grades"."course_id" = 9  [["user_id", 36]]
  [1m[36m (10.0ms)[0m  [1mCOMMIT[0m
Redirected to http://localhost:3000/courses
Completed 302 Found in 20ms (ActiveRecord: 12.4ms)


Started GET "/courses" for 127.0.0.1 at 2016-09-28 22:23:49 +0800
Processing by CoursesController#index as HTML
  [1m[35mUser Load (0.2ms)[0m  SELECT  "users".* FROM "users" WHERE "users"."id" = $1 LIMIT 1  [["id", 36]]
  [1m[36mCourse Load (0.5ms)[0m  [1mSELECT "courses".* FROM "courses"[0m
  [1m[35mCourse Load (0.5ms)[0m  SELECT "courses".* FROM "courses" INNER JOIN "grades" ON "courses"."id" = "grades"."course_id" WHERE "grades"."user_id" = $1  [["user_id", 36]]
  Rendered shared/_sidenav.html.erb (4.1ms)
  [1m[36mUser Load (0.3ms)[0m  [1mSELECT  "users".* FROM "users" WHERE "users"."id" = $1 LIMIT 1[0m  [["id", 11]]
  [1m[35mUser Load (0.3ms)[0m  SELECT  "users".* FROM "users" WHERE "users"."id" = $1 LIMIT 1  [["id", 15]]
  [1m[36mUser Load (0.2ms)[0m  [1mSELECT  "users".* FROM "users" WHERE "users"."id" = $1 LIMIT 1[0m  [["id", 21]]
  [1m[35mUser Load (0.3ms)[0m  SELECT  "users".* FROM "users" WHERE "users"."id" = $1 LIMIT 1  [["id", 24]]
  [1m[36mUser Load (0.2ms)[0m  [1mSELECT  "users".* FROM "users" WHERE "users"."id" = $1 LIMIT 1[0m  [["id", 26]]
  [1m[35mUser Load (0.2ms)[0m  SELECT  "users".* FROM "users" WHERE "users"."id" = $1 LIMIT 1  [["id", 27]]
  [1m[36mUser Load (0.2ms)[0m  [1mSELECT  "users".* FROM "users" WHERE "users"."id" = $1 LIMIT 1[0m  [["id", 34]]
  Rendered courses/index.html.erb within layouts/application (12.8ms)
  Rendered layouts/_header.html.erb (0.6ms)
  Rendered layouts/_content.html.erb (0.1ms)
  Rendered layouts/_footer.html.erb (0.0ms)
Completed 200 OK in 46ms (Views: 42.1ms | ActiveRecord: 2.9ms)


Started GET "/courses" for 127.0.0.1 at 2016-09-28 22:23:52 +0800
Processing by CoursesController#index as HTML
  [1m[35mUser Load (0.3ms)[0m  SELECT  "users".* FROM "users" WHERE "users"."id" = $1 LIMIT 1  [["id", 36]]
  [1m[36mCourse Load (1.1ms)[0m  [1mSELECT "courses".* FROM "courses"[0m
  [1m[35mCourse Load (0.7ms)[0m  SELECT "courses".* FROM "courses" INNER JOIN "grades" ON "courses"."id" = "grades"."course_id" WHERE "grades"."user_id" = $1  [["user_id", 36]]
  Rendered shared/_sidenav.html.erb (7.1ms)
  [1m[36mUser Load (0.3ms)[0m  [1mSELECT  "users".* FROM "users" WHERE "users"."id" = $1 LIMIT 1[0m  [["id", 11]]
  [1m[35mUser Load (0.2ms)[0m  SELECT  "users".* FROM "users" WHERE "users"."id" = $1 LIMIT 1  [["id", 15]]
  [1m[36mUser Load (0.2ms)[0m  [1mSELECT  "users".* FROM "users" WHERE "users"."id" = $1 LIMIT 1[0m  [["id", 21]]
  [1m[35mUser Load (0.2ms)[0m  SELECT  "users".* FROM "users" WHERE "users"."id" = $1 LIMIT 1  [["id", 24]]
  [1m[36mUser Load (0.3ms)[0m  [1mSELECT  "users".* FROM "users" WHERE "users"."id" = $1 LIMIT 1[0m  [["id", 26]]
  [1m[35mUser Load (0.4ms)[0m  SELECT  "users".* FROM "users" WHERE "users"."id" = $1 LIMIT 1  [["id", 27]]
  [1m[36mUser Load (0.3ms)[0m  [1mSELECT  "users".* FROM "users" WHERE "users"."id" = $1 LIMIT 1[0m  [["id", 34]]
  Rendered courses/index.html.erb within layouts/application (20.4ms)
  Rendered layouts/_header.html.erb (0.6ms)
  Rendered layouts/_content.html.erb (0.1ms)
  Rendered layouts/_footer.html.erb (0.1ms)
Completed 200 OK in 59ms (Views: 53.1ms | ActiveRecord: 4.0ms)


Started GET "/courses/list" for 127.0.0.1 at 2016-09-28 22:23:54 +0800
Processing by CoursesController#list as HTML
  [1m[35mUser Load (0.3ms)[0m  SELECT  "users".* FROM "users" WHERE "users"."id" = $1 LIMIT 1  [["id", 36]]
  [1m[36mCourse Load (0.6ms)[0m  [1mSELECT "courses".* FROM "courses"[0m
  [1m[35mCourse Load (0.5ms)[0m  SELECT "courses".* FROM "courses" INNER JOIN "grades" ON "courses"."id" = "grades"."course_id" WHERE "grades"."user_id" = $1  [["user_id", 36]]
  [1m[36mCACHE (0.0ms)[0m  [1mSELECT "courses".* FROM "courses"[0m
  Rendered shared/_sidenav.html.erb (1.9ms)
  [1m[35mUser Load (0.2ms)[0m  SELECT  "users".* FROM "users" WHERE "users"."id" = $1 LIMIT 1  [["id", 2]]
  [1m[36mUser Load (0.1ms)[0m  [1mSELECT  "users".* FROM "users" WHERE "users"."id" = $1 LIMIT 1[0m  [["id", 3]]
  [1m[35mUser Load (0.1ms)[0m  SELECT  "users".* FROM "users" WHERE "users"."id" = $1 LIMIT 1  [["id", 4]]
  [1m[36mUser Load (0.1ms)[0m  [1mSELECT  "users".* FROM "users" WHERE "users"."id" = $1 LIMIT 1[0m  [["id", 5]]
  [1m[35mUser Load (0.1ms)[0m  SELECT  "users".* FROM "users" WHERE "users"."id" = $1 LIMIT 1  [["id", 6]]
  [1m[36mUser Load (0.2ms)[0m  [1mSELECT  "users".* FROM "users" WHERE "users"."id" = $1 LIMIT 1[0m  [["id", 7]]
  [1m[35mUser Load (0.2ms)[0m  SELECT  "users".* FROM "users" WHERE "users"."id" = $1 LIMIT 1  [["id", 8]]
  [1m[36mUser Load (0.2ms)[0m  [1mSELECT  "users".* FROM "users" WHERE "users"."id" = $1 LIMIT 1[0m  [["id", 9]]
  [1m[35mUser Load (0.1ms)[0m  SELECT  "users".* FROM "users" WHERE "users"."id" = $1 LIMIT 1  [["id", 10]]
  [1m[36mUser Load (0.2ms)[0m  [1mSELECT  "users".* FROM "users" WHERE "users"."id" = $1 LIMIT 1[0m  [["id", 12]]
  [1m[35mUser Load (0.2ms)[0m  SELECT  "users".* FROM "users" WHERE "users"."id" = $1 LIMIT 1  [["id", 13]]
  [1m[36mUser Load (0.2ms)[0m  [1mSELECT  "users".* FROM "users" WHERE "users"."id" = $1 LIMIT 1[0m  [["id", 14]]
  [1m[35mUser Load (0.3ms)[0m  SELECT  "users".* FROM "users" WHERE "users"."id" = $1 LIMIT 1  [["id", 16]]
  [1m[36mUser Load (0.2ms)[0m  [1mSELECT  "users".* FROM "users" WHERE "users"."id" = $1 LIMIT 1[0m  [["id", 17]]
  [1m[35mUser Load (0.2ms)[0m  SELECT  "users".* FROM "users" WHERE "users"."id" = $1 LIMIT 1  [["id", 18]]
  [1m[36mUser Load (0.1ms)[0m  [1mSELECT  "users".* FROM "users" WHERE "users"."id" = $1 LIMIT 1[0m  [["id", 19]]
  [1m[35mUser Load (0.2ms)[0m  SELECT  "users".* FROM "users" WHERE "users"."id" = $1 LIMIT 1  [["id", 20]]
  [1m[36mUser Load (0.1ms)[0m  [1mSELECT  "users".* FROM "users" WHERE "users"."id" = $1 LIMIT 1[0m  [["id", 22]]
  [1m[35mUser Load (0.1ms)[0m  SELECT  "users".* FROM "users" WHERE "users"."id" = $1 LIMIT 1  [["id", 23]]
  [1m[36mUser Load (0.1ms)[0m  [1mSELECT  "users".* FROM "users" WHERE "users"."id" = $1 LIMIT 1[0m  [["id", 25]]
  [1m[35mUser Load (0.1ms)[0m  SELECT  "users".* FROM "users" WHERE "users"."id" = $1 LIMIT 1  [["id", 28]]
  [1m[36mUser Load (0.1ms)[0m  [1mSELECT  "users".* FROM "users" WHERE "users"."id" = $1 LIMIT 1[0m  [["id", 29]]
  [1m[35mUser Load (0.2ms)[0m  SELECT  "users".* FROM "users" WHERE "users"."id" = $1 LIMIT 1  [["id", 30]]
  [1m[36mUser Load (0.1ms)[0m  [1mSELECT  "users".* FROM "users" WHERE "users"."id" = $1 LIMIT 1[0m  [["id", 31]]
  [1m[35mUser Load (0.1ms)[0m  SELECT  "users".* FROM "users" WHERE "users"."id" = $1 LIMIT 1  [["id", 32]]
  [1m[36mUser Load (0.1ms)[0m  [1mSELECT  "users".* FROM "users" WHERE "users"."id" = $1 LIMIT 1[0m  [["id", 33]]
  [1m[35mUser Load (0.1ms)[0m  SELECT  "users".* FROM "users" WHERE "users"."id" = $1 LIMIT 1  [["id", 35]]
  Rendered courses/list.html.erb within layouts/application (27.4ms)
  Rendered layouts/_header.html.erb (0.6ms)
  Rendered layouts/_content.html.erb (0.1ms)
  Rendered layouts/_footer.html.erb (0.0ms)
Completed 200 OK in 68ms (Views: 56.8ms | ActiveRecord: 5.5ms)


Started GET "/courses/12/select" for 127.0.0.1 at 2016-09-28 22:23:56 +0800
Processing by CoursesController#select as HTML
  Parameters: {"id"=>"12"}
  [1m[36mUser Load (0.2ms)[0m  [1mSELECT  "users".* FROM "users" WHERE "users"."id" = $1 LIMIT 1[0m  [["id", 36]]
  [1m[35mCourse Load (0.3ms)[0m  SELECT  "courses".* FROM "courses" WHERE "courses"."id" = $1 LIMIT 1  [["id", 12]]
  [1m[36m (0.1ms)[0m  [1mBEGIN[0m
  [1m[35mSQL (25.8ms)[0m  INSERT INTO "grades" ("user_id", "course_id", "created_at", "updated_at") VALUES ($1, $2, $3, $4) RETURNING "id"  [["user_id", 36], ["course_id", 12], ["created_at", "2016-09-28 14:23:56.419264"], ["updated_at", "2016-09-28 14:23:56.419264"]]
  [1m[36m (7.3ms)[0m  [1mCOMMIT[0m
Redirected to http://localhost:3000/courses
Completed 302 Found in 49ms (ActiveRecord: 34.5ms)


Started GET "/courses" for 127.0.0.1 at 2016-09-28 22:23:56 +0800
Processing by CoursesController#index as HTML
  [1m[35mUser Load (0.3ms)[0m  SELECT  "users".* FROM "users" WHERE "users"."id" = $1 LIMIT 1  [["id", 36]]
  [1m[36mCourse Load (0.5ms)[0m  [1mSELECT "courses".* FROM "courses"[0m
  [1m[35mCourse Load (0.4ms)[0m  SELECT "courses".* FROM "courses" INNER JOIN "grades" ON "courses"."id" = "grades"."course_id" WHERE "grades"."user_id" = $1  [["user_id", 36]]
  Rendered shared/_sidenav.html.erb (3.9ms)
  [1m[36mUser Load (0.2ms)[0m  [1mSELECT  "users".* FROM "users" WHERE "users"."id" = $1 LIMIT 1[0m  [["id", 11]]
  [1m[35mUser Load (0.2ms)[0m  SELECT  "users".* FROM "users" WHERE "users"."id" = $1 LIMIT 1  [["id", 13]]
  [1m[36mUser Load (0.2ms)[0m  [1mSELECT  "users".* FROM "users" WHERE "users"."id" = $1 LIMIT 1[0m  [["id", 15]]
  [1m[35mUser Load (0.2ms)[0m  SELECT  "users".* FROM "users" WHERE "users"."id" = $1 LIMIT 1  [["id", 21]]
  [1m[36mUser Load (0.2ms)[0m  [1mSELECT  "users".* FROM "users" WHERE "users"."id" = $1 LIMIT 1[0m  [["id", 24]]
  [1m[35mUser Load (0.2ms)[0m  SELECT  "users".* FROM "users" WHERE "users"."id" = $1 LIMIT 1  [["id", 26]]
  [1m[36mUser Load (0.2ms)[0m  [1mSELECT  "users".* FROM "users" WHERE "users"."id" = $1 LIMIT 1[0m  [["id", 27]]
  [1m[35mUser Load (0.2ms)[0m  SELECT  "users".* FROM "users" WHERE "users"."id" = $1 LIMIT 1  [["id", 34]]
  Rendered courses/index.html.erb within layouts/application (11.8ms)
  Rendered layouts/_header.html.erb (0.8ms)
  Rendered layouts/_content.html.erb (0.2ms)
  Rendered layouts/_footer.html.erb (0.0ms)
Completed 200 OK in 48ms (Views: 43.7ms | ActiveRecord: 2.8ms)


Started GET "/" for 127.0.0.1 at 2016-09-28 23:36:50 +0800
  [1m[36mActiveRecord::SchemaMigration Load (0.4ms)[0m  [1mSELECT "schema_migrations".* FROM "schema_migrations"[0m
Processing by HomesController#index as HTML
  Rendered homes/index.html.erb within layouts/application (403.4ms)
  [1m[35mUser Load (0.6ms)[0m  SELECT  "users".* FROM "users" WHERE "users"."id" = $1 LIMIT 1  [["id", 36]]
  Rendered layouts/_header.html.erb (30.1ms)
  Rendered layouts/_content.html.erb (0.8ms)
  Rendered layouts/_footer.html.erb (0.5ms)
Completed 200 OK in 496ms (Views: 482.1ms | ActiveRecord: 3.5ms)


Started DELETE "/sessions/logout" for 127.0.0.1 at 2016-09-28 23:36:54 +0800
Processing by SessionsController#destroy as HTML
  Parameters: {"authenticity_token"=>"4Pb6Ggo0qprHobZHtuYugPrzrCHZ4Cax3iwjy7PUdPRKgaxynMsr5b8y3HF182GJdaTBEIKuVJXbieylxS2FfQ=="}
  [1m[36mUser Load (0.4ms)[0m  [1mSELECT  "users".* FROM "users" WHERE "users"."id" = $1 LIMIT 1[0m  [["id", 36]]
  [1m[35m (0.1ms)[0m  BEGIN
  [1m[36m (0.1ms)[0m  [1mCOMMIT[0m
Redirected to http://localhost:3000/
Completed 302 Found in 4ms (ActiveRecord: 0.7ms)


Started GET "/" for 127.0.0.1 at 2016-09-28 23:36:54 +0800
Processing by HomesController#index as HTML
  Rendered homes/index.html.erb within layouts/application (2.2ms)
  Rendered layouts/_header.html.erb (4.0ms)
  Rendered layouts/_content.html.erb (0.1ms)
  Rendered layouts/_footer.html.erb (0.1ms)
Completed 200 OK in 38ms (Views: 37.8ms | ActiveRecord: 0.0ms)


Started GET "/sessions/login" for 127.0.0.1 at 2016-09-28 23:36:55 +0800
Processing by SessionsController#new as HTML
  Rendered sessions/new.html.erb within layouts/application (8.4ms)
  Rendered layouts/_header.html.erb (0.5ms)
  Rendered layouts/_content.html.erb (0.3ms)
  Rendered layouts/_footer.html.erb (0.1ms)
Completed 200 OK in 47ms (Views: 46.2ms | ActiveRecord: 0.0ms)


Started POST "/sessions/login" for 127.0.0.1 at 2016-09-28 23:37:04 +0800
Processing by SessionsController#create as HTML
  Parameters: {"utf8"=>"✓", "authenticity_token"=>"CJkDPTFdoqa510TGEmcOeIPnkBw52y8WA4M/kCJIdxyi7lVVp6Ij2cFELvDRckFxDLD9LWKVXTIGJvD+VLGGlQ==", "session"=>{"email"=>"student1@test.com", "password"=>"[FILTERED]", "remember_me"=>"0"}, "button"=>""}
  [1m[35mUser Load (0.4ms)[0m  SELECT  "users".* FROM "users" WHERE "users"."email" = $1 LIMIT 1  [["email", "student1@test.com"]]
  [1m[36m (0.2ms)[0m  [1mBEGIN[0m
  [1m[35m (0.2ms)[0m  COMMIT
Redirected to http://localhost:3000/
Completed 302 Found in 87ms (ActiveRecord: 0.7ms)


Started GET "/" for 127.0.0.1 at 2016-09-28 23:37:04 +0800
Processing by HomesController#index as HTML
  Rendered homes/index.html.erb within layouts/application (2.5ms)
  [1m[36mUser Load (0.4ms)[0m  [1mSELECT  "users".* FROM "users" WHERE "users"."id" = $1 LIMIT 1[0m  [["id", 36]]
  Rendered layouts/_header.html.erb (1.9ms)
  Rendered layouts/_content.html.erb (0.2ms)
  Rendered layouts/_footer.html.erb (0.1ms)
Completed 200 OK in 41ms (Views: 39.7ms | ActiveRecord: 0.4ms)


Started GET "/" for 127.0.0.1 at 2016-09-28 23:56:17 +0800
  [1m[36mActiveRecord::SchemaMigration Load (0.5ms)[0m  [1mSELECT "schema_migrations".* FROM "schema_migrations"[0m
Processing by HomesController#index as HTML
  Rendered homes/index.html.erb within layouts/application (399.9ms)
  [1m[35mUser Load (0.7ms)[0m  SELECT  "users".* FROM "users" WHERE "users"."id" = $1 LIMIT 1  [["id", 36]]
  Rendered layouts/_header.html.erb (36.9ms)
  Rendered layouts/_content.html.erb (0.9ms)
  Rendered layouts/_footer.html.erb (0.2ms)
Completed 200 OK in 511ms (Views: 495.6ms | ActiveRecord: 4.9ms)


Started DELETE "/sessions/logout" for 127.0.0.1 at 2016-09-28 23:56:20 +0800
Processing by SessionsController#destroy as HTML
  Parameters: {"authenticity_token"=>"00ByFYWMyOWH8xMcyzllBrU0pYDwP5TZIsRVXBuWU7d5NyR9E3NJmv9geSoILCoPOmPIsatx5v0nYZoybW+iPg=="}
  [1m[36mUser Load (0.3ms)[0m  [1mSELECT  "users".* FROM "users" WHERE "users"."id" = $1 LIMIT 1[0m  [["id", 36]]
  [1m[35m (0.1ms)[0m  BEGIN
  [1m[36m (0.1ms)[0m  [1mCOMMIT[0m
Redirected to http://localhost:3000/
Completed 302 Found in 4ms (ActiveRecord: 0.5ms)


Started GET "/" for 127.0.0.1 at 2016-09-28 23:56:20 +0800
Processing by HomesController#index as HTML
  Rendered homes/index.html.erb within layouts/application (1.9ms)
  Rendered layouts/_header.html.erb (4.1ms)
  Rendered layouts/_content.html.erb (0.1ms)
  Rendered layouts/_footer.html.erb (0.0ms)
Completed 200 OK in 39ms (Views: 38.3ms | ActiveRecord: 0.0ms)


Started GET "/sessions/login" for 127.0.0.1 at 2016-09-28 23:56:21 +0800
Processing by SessionsController#new as HTML
  Rendered sessions/new.html.erb within layouts/application (7.4ms)
  Rendered layouts/_header.html.erb (0.4ms)
  Rendered layouts/_content.html.erb (0.1ms)
  Rendered layouts/_footer.html.erb (0.0ms)
Completed 200 OK in 44ms (Views: 43.9ms | ActiveRecord: 0.0ms)


Started POST "/sessions/login" for 127.0.0.1 at 2016-09-28 23:56:27 +0800
Processing by SessionsController#create as HTML
  Parameters: {"utf8"=>"✓", "authenticity_token"=>"aCZ2nKKjqTr4kIxmg7e1ZmQ12jiLjwb4id4Pl9N84bbCUSD0NFwoRYAD5lBAovpv62K3CdDBdNyMe8D5pYUQPw==", "session"=>{"email"=>"student1@test.com", "password"=>"[FILTERED]", "remember_me"=>"0"}, "button"=>""}
  [1m[35mUser Load (0.4ms)[0m  SELECT  "users".* FROM "users" WHERE "users"."email" = $1 LIMIT 1  [["email", "student1@test.com"]]
  [1m[36m (0.2ms)[0m  [1mBEGIN[0m
  [1m[35m (0.1ms)[0m  COMMIT
Redirected to http://localhost:3000/
Completed 302 Found in 85ms (ActiveRecord: 0.7ms)


Started GET "/" for 127.0.0.1 at 2016-09-28 23:56:27 +0800
Processing by HomesController#index as HTML
  Rendered homes/index.html.erb within layouts/application (1.3ms)
  [1m[36mUser Load (0.3ms)[0m  [1mSELECT  "users".* FROM "users" WHERE "users"."id" = $1 LIMIT 1[0m  [["id", 36]]
  Rendered layouts/_header.html.erb (1.6ms)
  Rendered layouts/_content.html.erb (0.1ms)
  Rendered layouts/_footer.html.erb (0.0ms)
Completed 200 OK in 34ms (Views: 33.7ms | ActiveRecord: 0.3ms)
